2013-03-26 23:00:11 INFO  RequestController:282 - Update via reflection, payload data = [ {"id":5,"unit_id":3} ]
2013-03-26 23:00:11 INFO  WMSDataAgent:68 - Processing request UPDATE
2013-03-26 23:00:11 INFO  RDExtractor:88 - Trial 2 :: Using PRODUCT as source
2013-03-26 23:00:11 INFO  RDExtractor:162 - Extracted payload data, size = [ 1 ]
2013-03-26 23:00:11 INFO  RequestController:440 - Successfully loaded controller for name [ RequestModule{entityClass=class org.kornicameister.wms.model.hibernate.Product, entityControllerClass=class org.kornicameister.wms.model.logic.controllers.ProductController} ]
2013-03-26 23:00:11 INFO  RequestController:84 - Processing [ UPDATE ][ String ] request, started
2013-03-26 23:00:11 INFO  RequestController:91 - process :: Session [ SessionImpl(PersistenceContext[entityKeys=[],collectionKeys=[]];ActionQueue[insertions=[] updates=[] deletions=[] collectionCreations=[] collectionRemovals=[] collectionUpdates=[] unresolvedInsertDependencies=UnresolvedEntityInsertActions[]]) ] executing tasks...
2013-03-26 23:00:11 INFO  RequestController:355 - Extracted [ 3 ] setter from [ Product ]
2013-03-26 23:00:11 WARN  RequestController:307 - Unrecognized property [ pallets ]
2013-03-26 23:00:11 INFO  RequestController:113 - startCRUDJob :: UPDATE executing in progress...
2013-03-26 23:00:11 INFO  RequestController:213 - Parsing payload started
2013-03-26 23:00:11 WARN  RequestController:307 - Unrecognized property [ measure ]
2013-03-26 23:00:11 INFO  RequestController:233 - Payload parsed, extracted entities count = [ 1 ]
2013-03-26 23:00:11 INFO  RequestController:282 - Update via reflection, payload data = [ {"id":2,"unit_id":4} ]
2013-03-26 23:00:11 INFO  RequestController:128 - startCRUDJob :: UPDATE execution finished...
2013-03-26 23:00:11 INFO  RequestController:355 - Extracted [ 3 ] setter from [ Product ]
2013-03-26 23:00:11 WARN  RequestController:307 - Unrecognized property [ pallets ]
2013-03-26 23:00:11 WARN  RequestController:307 - Unrecognized property [ measure ]
2013-03-26 23:00:11 INFO  RequestController:233 - Payload parsed, extracted entities count = [ 1 ]
2013-03-26 23:00:11 INFO  RequestController:128 - startCRUDJob :: UPDATE execution finished...
2013-03-26 23:00:11 INFO  RequestController:100 - process :: Session [ SessionImpl(<closed>) ] finished with success...
2013-03-26 23:00:11 INFO  RequestController:104 - Processing [ UPDATE ][ String ] request, finished took [ 0 ms ]
2013-03-26 23:00:11 INFO  RequestController:100 - process :: Session [ SessionImpl(<closed>) ] finished with success...
2013-03-26 23:00:11 INFO  RequestController:104 - Processing [ UPDATE ][ String ] request, finished took [ 0 ms ]
